#
# There is insufficient memory for the Java Runtime Environment to continue.
# Native memory allocation (malloc) failed to allocate 2078736 bytes for Chunk::new
# Possible reasons:
#   The system is out of physical RAM or swap space
#   In 32 bit mode, the process size limit was hit
# Possible solutions:
#   Reduce memory load on the system
#   Increase physical memory or swap space
#   Check if swap backing store is full
#   Use 64 bit Java on a 64 bit OS
#   Decrease Java heap size (-Xmx/-Xms)
#   Decrease number of Java threads
#   Decrease Java thread stack sizes (-Xss)
#   Set larger code cache with -XX:ReservedCodeCacheSize=
# This output file may be truncated or incomplete.
#
#  Out of Memory Error (allocation.cpp:390), pid=14364, tid=13608
#
# JRE version: Java(TM) SE Runtime Environment (8.0_45-b14) (build 1.8.0_45-b14)
# Java VM: Java HotSpot(TM) 64-Bit Server VM (25.45-b02 mixed mode windows-amd64 compressed oops)
# Failed to write core dump. Minidumps are not enabled by default on client versions of Windows
#

---------------  T H R E A D  ---------------

Current thread (0x0000000005aa0000):  JavaThread "C2 CompilerThread0" daemon [_thread_in_native, id=13608, stack(0x0000000007000000,0x0000000007100000)]

Stack: [0x0000000007000000,0x0000000007100000]
Native frames: (J=compiled Java code, j=interpreted, Vv=VM code, C=native code)
V  [jvm.dll+0x32b57a]
V  [jvm.dll+0x279873]
V  [jvm.dll+0x27a509]
V  [jvm.dll+0x271825]
V  [jvm.dll+0xcb9e2]
V  [jvm.dll+0xcbeac]
V  [jvm.dll+0x4929e7]
V  [jvm.dll+0x45f8ca]
V  [jvm.dll+0x46a73b]
V  [jvm.dll+0x46cd52]
V  [jvm.dll+0x4500f2]
V  [jvm.dll+0xa4352]
V  [jvm.dll+0xa4c8f]
V  [jvm.dll+0x241984]
V  [jvm.dll+0x29853a]
C  [msvcr100.dll+0x21d9f]
C  [msvcr100.dll+0x21e3b]
C  [KERNEL32.DLL+0x13d2]
C  [ntdll.dll+0x15454]


Current CompileTask:
C2:  11088 2286       4       java.net.URLClassLoader$1::run (5 bytes)


---------------  P R O C E S S  ---------------

Java Threads: ( => current thread )
  0x0000000007206000 JavaThread "Service Thread" daemon [_thread_blocked, id=9620, stack(0x0000000007700000,0x0000000007800000)]
  0x0000000007200800 JavaThread "C1 CompilerThread2" daemon [_thread_blocked, id=15212, stack(0x0000000007600000,0x0000000007700000)]
  0x0000000005af9000 JavaThread "C2 CompilerThread1" daemon [_thread_in_native, id=1472, stack(0x0000000007100000,0x0000000007200000)]
=>0x0000000005aa0000 JavaThread "C2 CompilerThread0" daemon [_thread_in_native, id=13608, stack(0x0000000007000000,0x0000000007100000)]
  0x0000000005a9e000 JavaThread "Attach Listener" daemon [_thread_blocked, id=16684, stack(0x0000000006f00000,0x0000000007000000)]
  0x0000000005a9c800 JavaThread "Signal Dispatcher" daemon [_thread_blocked, id=15600, stack(0x0000000006e00000,0x0000000006f00000)]
  0x0000000002d27800 JavaThread "Finalizer" daemon [_thread_blocked, id=4432, stack(0x0000000006d00000,0x0000000006e00000)]
  0x0000000002d1f000 JavaThread "Reference Handler" daemon [_thread_blocked, id=13628, stack(0x0000000006c00000,0x0000000006d00000)]
  0x0000000002c2e000 JavaThread "main" [_thread_in_native, id=14808, stack(0x0000000002aa0000,0x0000000002ba0000)]

Other Threads:
  0x0000000005a67000 VMThread [stack: 0x0000000006b00000,0x0000000006c00000] [id=12856]
  0x0000000007207800 WatcherThread [stack: 0x0000000007800000,0x0000000007900000] [id=15964]

VM state:not at safepoint (normal execution)

VM Mutex/Monitor currently owned by a thread: None

Heap:
 PSYoungGen      total 38400K, used 12964K [0x00000000f0000000, 0x00000000f4280000, 0x0000000100000000)
  eden space 33280K, 23% used [0x00000000f0000000,0x00000000f07aa0d0,0x00000000f2080000)
  from space 5120K, 99% used [0x00000000f2080000,0x00000000f257f268,0x00000000f2580000)
  to   space 7168K, 0% used [0x00000000f3b80000,0x00000000f3b80000,0x00000000f4280000)
 ParOldGen       total 55296K, used 9124K [0x00000000d0000000, 0x00000000d3600000, 0x00000000f0000000)
  object space 55296K, 16% used [0x00000000d0000000,0x00000000d08e9378,0x00000000d3600000)
 Metaspace       used 31823K, capacity 32166K, committed 32512K, reserved 1077248K
  class space    used 5416K, capacity 5532K, committed 5632K, reserved 1048576K

Card table byte_map: [0x00000000030f0000,0x0000000003280000] byte_map_base: 0x0000000002a70000

Marking Bits: (ParMarkBitMap*) 0x000000005e094040
 Begin Bits: [0x0000000003780000, 0x0000000004380000)
 End Bits:   [0x0000000004380000, 0x0000000004f80000)

Polling page: 0x0000000002970000

CodeCache: size=245760Kb used=7332Kb max_used=7332Kb free=238427Kb
 bounds [0x000000000f010000, 0x000000000f740000, 0x000000001e010000]
 total_blobs=2730 nmethods=2336 adapters=305
 compilation: enabled

Compilation events (10 events):
Event: 11.011 Thread 0x0000000007200800 nmethod 2338 0x000000000f7357d0 code [0x000000000f735920, 0x000000000f735a30]
Event: 11.011 Thread 0x0000000007200800 2339       3       scala.reflect.internal.pickling.UnPickler$Scan::scala$reflect$internal$pickling$UnPickler$Scan$$fromName$1 (116 bytes)
Event: 11.013 Thread 0x0000000007200800 nmethod 2339 0x000000000f735a90 code [0x000000000f735d00, 0x000000000f736ef8]
Event: 11.030 Thread 0x0000000007200800 2340       3       scala.reflect.internal.Symbols$TermSymbol::isOverloaded (8 bytes)
Event: 11.030 Thread 0x0000000007200800 nmethod 2340 0x000000000f737550 code [0x000000000f7376c0, 0x000000000f7378c8]
Event: 11.031 Thread 0x0000000007200800 2341       3       scala.reflect.internal.Symbols$Symbol::enclClass (19 bytes)
Event: 11.031 Thread 0x0000000007200800 nmethod 2341 0x000000000f737950 code [0x000000000f737ae0, 0x000000000f737ec8]
Event: 11.034 Thread 0x0000000007200800 2342       1       scala.reflect.internal.Names$TermName::isTermName (2 bytes)
Event: 11.034 Thread 0x0000000007200800 nmethod 2342 0x000000000f737fd0 code [0x000000000f738120, 0x000000000f738230]
Event: 11.038 Thread 0x0000000007200800 2343       3       scala.reflect.internal.pickling.UnPickler$Scan$$anonfun$readExtSymbol$1$1::<init> (38 bytes)

GC Heap History (10 events):
Event: 5.988 GC heap before
{Heap before GC invocations=2 (full 0):
 PSYoungGen      total 38400K, used 38371K [0x00000000f0000000, 0x00000000f2a80000, 0x0000000100000000)
  eden space 33280K, 100% used [0x00000000f0000000,0x00000000f2080000,0x00000000f2080000)
  from space 5120K, 99% used [0x00000000f2080000,0x00000000f2578ea0,0x00000000f2580000)
  to   space 5120K, 0% used [0x00000000f2580000,0x00000000f2580000,0x00000000f2a80000)
 ParOldGen       total 87552K, used 1672K [0x00000000d0000000, 0x00000000d5580000, 0x00000000f0000000)
  object space 87552K, 1% used [0x00000000d0000000,0x00000000d01a2048,0x00000000d5580000)
 Metaspace       used 16165K, capacity 16464K, committed 16640K, reserved 1062912K
  class space    used 2730K, capacity 2796K, committed 2816K, reserved 1048576K
Event: 6.007 GC heap after
Heap after GC invocations=2 (full 0):
 PSYoungGen      total 38400K, used 5106K [0x00000000f0000000, 0x00000000f2a80000, 0x0000000100000000)
  eden space 33280K, 0% used [0x00000000f0000000,0x00000000f0000000,0x00000000f2080000)
  from space 5120K, 99% used [0x00000000f2580000,0x00000000f2a7c920,0x00000000f2a80000)
  to   space 5120K, 0% used [0x00000000f2080000,0x00000000f2080000,0x00000000f2580000)
 ParOldGen       total 87552K, used 3348K [0x00000000d0000000, 0x00000000d5580000, 0x00000000f0000000)
  object space 87552K, 3% used [0x00000000d0000000,0x00000000d03453f0,0x00000000d5580000)
 Metaspace       used 16165K, capacity 16464K, committed 16640K, reserved 1062912K
  class space    used 2730K, capacity 2796K, committed 2816K, reserved 1048576K
}
Event: 6.856 GC heap before
{Heap before GC invocations=3 (full 0):
 PSYoungGen      total 38400K, used 22864K [0x00000000f0000000, 0x00000000f2a80000, 0x0000000100000000)
  eden space 33280K, 53% used [0x00000000f0000000,0x00000000f11577e0,0x00000000f2080000)
  from space 5120K, 99% used [0x00000000f2580000,0x00000000f2a7c920,0x00000000f2a80000)
  to   space 5120K, 0% used [0x00000000f2080000,0x00000000f2080000,0x00000000f2580000)
 ParOldGen       total 87552K, used 3348K [0x00000000d0000000, 0x00000000d5580000, 0x00000000f0000000)
  object space 87552K, 3% used [0x00000000d0000000,0x00000000d03453f0,0x00000000d5580000)
 Metaspace       used 20847K, capacity 21168K, committed 21296K, reserved 1067008K
  class space    used 3579K, capacity 3660K, committed 3712K, reserved 1048576K
Event: 6.873 GC heap after
Heap after GC invocations=3 (full 0):
 PSYoungGen      total 38400K, used 5093K [0x00000000f0000000, 0x00000000f2a80000, 0x0000000100000000)
  eden space 33280K, 0% used [0x00000000f0000000,0x00000000f0000000,0x00000000f2080000)
  from space 5120K, 99% used [0x00000000f2080000,0x00000000f25794b8,0x00000000f2580000)
  to   space 5120K, 0% used [0x00000000f2580000,0x00000000f2580000,0x00000000f2a80000)
 ParOldGen       total 87552K, used 4959K [0x00000000d0000000, 0x00000000d5580000, 0x00000000f0000000)
  object space 87552K, 5% used [0x00000000d0000000,0x00000000d04d7c88,0x00000000d5580000)
 Metaspace       used 20847K, capacity 21168K, committed 21296K, reserved 1067008K
  class space    used 3579K, capacity 3660K, committed 3712K, reserved 1048576K
}
Event: 6.873 GC heap before
{Heap before GC invocations=4 (full 1):
 PSYoungGen      total 38400K, used 5093K [0x00000000f0000000, 0x00000000f2a80000, 0x0000000100000000)
  eden space 33280K, 0% used [0x00000000f0000000,0x00000000f0000000,0x00000000f2080000)
  from space 5120K, 99% used [0x00000000f2080000,0x00000000f25794b8,0x00000000f2580000)
  to   space 5120K, 0% used [0x00000000f2580000,0x00000000f2580000,0x00000000f2a80000)
 ParOldGen       total 87552K, used 4959K [0x00000000d0000000, 0x00000000d5580000, 0x00000000f0000000)
  object space 87552K, 5% used [0x00000000d0000000,0x00000000d04d7c88,0x00000000d5580000)
 Metaspace       used 20847K, capacity 21168K, committed 21296K, reserved 1067008K
  class space    used 3579K, capacity 3660K, committed 3712K, reserved 1048576K
Event: 6.916 GC heap after
Heap after GC invocations=4 (full 1):
 PSYoungGen      total 38400K, used 0K [0x00000000f0000000, 0x00000000f2a80000, 0x0000000100000000)
  eden space 33280K, 0% used [0x00000000f0000000,0x00000000f0000000,0x00000000f2080000)
  from space 5120K, 0% used [0x00000000f2080000,0x00000000f2080000,0x00000000f2580000)
  to   space 5120K, 0% used [0x00000000f2580000,0x00000000f2580000,0x00000000f2a80000)
 ParOldGen       total 55296K, used 6471K [0x00000000d0000000, 0x00000000d3600000, 0x00000000f0000000)
  object space 55296K, 11% used [0x00000000d0000000,0x00000000d0651e60,0x00000000d3600000)
 Metaspace       used 20847K, capacity 21168K, committed 21296K, reserved 1067008K
  class space    used 3579K, capacity 3660K, committed 3712K, reserved 1048576K
}
Event: 9.019 GC heap before
{Heap before GC invocations=5 (full 1):
 PSYoungGen      total 38400K, used 33264K [0x00000000f0000000, 0x00000000f2a80000, 0x0000000100000000)
  eden space 33280K, 99% used [0x00000000f0000000,0x00000000f207c260,0x00000000f2080000)
  from space 5120K, 0% used [0x00000000f2080000,0x00000000f2080000,0x00000000f2580000)
  to   space 5120K, 0% used [0x00000000f2580000,0x00000000f2580000,0x00000000f2a80000)
 ParOldGen       total 55296K, used 6471K [0x00000000d0000000, 0x00000000d3600000, 0x00000000f0000000)
  object space 55296K, 11% used [0x00000000d0000000,0x00000000d0651e60,0x00000000d3600000)
 Metaspace       used 25159K, capacity 25500K, committed 25728K, reserved 1071104K
  class space    used 4361K, capacity 4462K, committed 4480K, reserved 1048576K
Event: 9.055 GC heap after
Heap after GC invocations=5 (full 1):
 PSYoungGen      total 38400K, used 5090K [0x00000000f0000000, 0x00000000f3f80000, 0x0000000100000000)
  eden space 33280K, 0% used [0x00000000f0000000,0x00000000f0000000,0x00000000f2080000)
  from space 5120K, 99% used [0x00000000f2580000,0x00000000f2a78848,0x00000000f2a80000)
  to   space 5120K, 0% used [0x00000000f2080000,0x00000000f2080000,0x00000000f2580000)
 ParOldGen       total 55296K, used 7550K [0x00000000d0000000, 0x00000000d3600000, 0x00000000f0000000)
  object space 55296K, 13% used [0x00000000d0000000,0x00000000d075fac8,0x00000000d3600000)
 Metaspace       used 25159K, capacity 25500K, committed 25728K, reserved 1071104K
  class space    used 4361K, capacity 4462K, committed 4480K, reserved 1048576K
}
Event: 10.625 GC heap before
{Heap before GC invocations=6 (full 1):
 PSYoungGen      total 38400K, used 38370K [0x00000000f0000000, 0x00000000f3f80000, 0x0000000100000000)
  eden space 33280K, 100% used [0x00000000f0000000,0x00000000f2080000,0x00000000f2080000)
  from space 5120K, 99% used [0x00000000f2580000,0x00000000f2a78848,0x00000000f2a80000)
  to   space 5120K, 0% used [0x00000000f2080000,0x00000000f2080000,0x00000000f2580000)
 ParOldGen       total 55296K, used 7550K [0x00000000d0000000, 0x00000000d3600000, 0x00000000f0000000)
  object space 55296K, 13% used [0x00000000d0000000,0x00000000d075fac8,0x00000000d3600000)
 Metaspace       used 30968K, capacity 31366K, committed 31488K, reserved 1075200K
  class space    used 5266K, capacity 5372K, committed 5376K, reserved 1048576K
Event: 10.636 GC heap after
Heap after GC invocations=6 (full 1):
 PSYoungGen      total 38400K, used 5116K [0x00000000f0000000, 0x00000000f4280000, 0x0000000100000000)
  eden space 33280K, 0% used [0x00000000f0000000,0x00000000f0000000,0x00000000f2080000)
  from space 5120K, 99% used [0x00000000f2080000,0x00000000f257f268,0x00000000f2580000)
  to   space 7168K, 0% used [0x00000000f3b80000,0x00000000f3b80000,0x00000000f4280000)
 ParOldGen       total 55296K, used 9124K [0x00000000d0000000, 0x00000000d3600000, 0x00000000f0000000)
  object space 55296K, 16% used [0x00000000d0000000,0x00000000d08e9378,0x00000000d3600000)
 Metaspace       used 30968K, capacity 31366K, committed 31488K, reserved 1075200K
  class space    used 5266K, capacity 5372K, committed 5376K, reserved 1048576K
}

Deoptimization events (10 events):
Event: 10.214 Thread 0x0000000002c2e000 Uncommon trap: reason=class_check action=maybe_recompile pc=0x000000000f1c8178 method=sun.misc.URLClassPath.getLoader(I)Lsun/misc/URLClassPath$Loader; @ 94
Event: 10.215 Thread 0x0000000002c2e000 Uncommon trap: reason=class_check action=maybe_recompile pc=0x000000000f358364 method=sun.misc.URLClassPath.getResource(Ljava/lang/String;Z)Lsun/misc/Resource; @ 62
Event: 10.215 Thread 0x0000000002c2e000 Uncommon trap: reason=unstable_if action=reinterpret pc=0x000000000f6dbb0c method=java.lang.String.regionMatches(ZILjava/lang/String;II)Z @ 41
Event: 10.289 Thread 0x0000000002c2e000 Uncommon trap: reason=class_check action=maybe_recompile pc=0x000000000f1c8178 method=sun.misc.URLClassPath.getLoader(I)Lsun/misc/URLClassPath$Loader; @ 94
Event: 10.307 Thread 0x0000000002c2e000 Uncommon trap: reason=class_check action=maybe_recompile pc=0x000000000f1c8178 method=sun.misc.URLClassPath.getLoader(I)Lsun/misc/URLClassPath$Loader; @ 94
Event: 10.316 Thread 0x0000000002c2e000 Uncommon trap: reason=class_check action=maybe_recompile pc=0x000000000f1c8178 method=sun.misc.URLClassPath.getLoader(I)Lsun/misc/URLClassPath$Loader; @ 94
Event: 10.340 Thread 0x0000000002c2e000 Uncommon trap: reason=class_check action=maybe_recompile pc=0x000000000f1ca334 method=sun.misc.URLClassPath.getLoader(I)Lsun/misc/URLClassPath$Loader; @ 94
Event: 10.885 Thread 0x0000000002c2e000 Uncommon trap: reason=unstable_if action=reinterpret pc=0x000000000f349adc method=java.lang.ref.ReferenceQueue.poll()Ljava/lang/ref/Reference; @ 4
Event: 10.885 Thread 0x0000000002c2e000 Uncommon trap: reason=class_check action=maybe_recompile pc=0x000000000f3dbf68 method=java.lang.ref.ReferenceQueue.reallyPoll()Ljava/lang/ref/Reference; @ 52
Event: 10.885 Thread 0x0000000002c2e000 Uncommon trap: reason=class_check action=maybe_recompile pc=0x000000000f3dbf68 method=java.lang.ref.ReferenceQueue.reallyPoll()Ljava/lang/ref/Reference; @ 52

Internal exceptions (10 events):
Event: 7.244 Thread 0x0000000002c2e000 Exception <a 'java/lang/ClassNotFoundException': scala/reflect/ScalaSignature> (0x00000000f03d3710) thrown at [C:\re\workspace\8-2-build-windows-amd64-cygwin\jdk8u45\3457\hotspot\src\share\vm\classfile\systemDictionary.cpp, line 210]
Event: 7.244 Thread 0x0000000002c2e000 Exception <a 'java/lang/ClassNotFoundException': scala/reflect/ScalaLongSignature> (0x00000000f03d3e28) thrown at [C:\re\workspace\8-2-build-windows-amd64-cygwin\jdk8u45\3457\hotspot\src\share\vm\classfile\systemDictionary.cpp, line 210]
Event: 7.277 Thread 0x0000000002c2e000 Exception <a 'java/lang/ClassNotFoundException': scala/reflect/ScalaSignature> (0x00000000f03e7f48) thrown at [C:\re\workspace\8-2-build-windows-amd64-cygwin\jdk8u45\3457\hotspot\src\share\vm\classfile\systemDictionary.cpp, line 210]
Event: 7.277 Thread 0x0000000002c2e000 Exception <a 'java/lang/ClassNotFoundException': scala/reflect/ScalaLongSignature> (0x00000000f03e8660) thrown at [C:\re\workspace\8-2-build-windows-amd64-cygwin\jdk8u45\3457\hotspot\src\share\vm\classfile\systemDictionary.cpp, line 210]
Event: 7.282 Thread 0x0000000002c2e000 Exception <a 'java/lang/ClassNotFoundException': scala/reflect/ScalaSignature> (0x00000000f03f7b28) thrown at [C:\re\workspace\8-2-build-windows-amd64-cygwin\jdk8u45\3457\hotspot\src\share\vm\classfile\systemDictionary.cpp, line 210]
Event: 7.282 Thread 0x0000000002c2e000 Exception <a 'java/lang/ClassNotFoundException': scala/reflect/ScalaLongSignature> (0x00000000f03f80b0) thrown at [C:\re\workspace\8-2-build-windows-amd64-cygwin\jdk8u45\3457\hotspot\src\share\vm\classfile\systemDictionary.cpp, line 210]
Event: 7.283 Thread 0x0000000002c2e000 Exception <a 'java/lang/ArrayIndexOutOfBoundsException'> (0x00000000f03fcf50) thrown at [C:\re\workspace\8-2-build-windows-amd64-cygwin\jdk8u45\3457\hotspot\src\share\vm\runtime\sharedRuntime.cpp, line 605]
Event: 8.821 Thread 0x0000000002c2e000 Exception <a 'java/lang/ArrayIndexOutOfBoundsException'> (0x00000000f1e19c00) thrown at [C:\re\workspace\8-2-build-windows-amd64-cygwin\jdk8u45\3457\hotspot\src\share\vm\runtime\sharedRuntime.cpp, line 605]
Event: 8.949 Thread 0x0000000002c2e000 Exception <a 'java/lang/ArrayIndexOutOfBoundsException'> (0x00000000f1f06600) thrown at [C:\re\workspace\8-2-build-windows-amd64-cygwin\jdk8u45\3457\hotspot\src\share\vm\runtime\sharedRuntime.cpp, line 605]
Event: 8.967 Thread 0x0000000002c2e000 Exception <a 'java/lang/ArrayIndexOutOfBoundsException'> (0x00000000f1f30ec8) thrown at [C:\re\workspace\8-2-build-windows-amd64-cygwin\jdk8u45\3457\hotspot\src\share\vm\runtime\sharedRuntime.cpp, line 605]

Events (10 events):
Event: 10.944 loading class java/package
Event: 10.944 loading class java/package done
Event: 10.945 loading class java/lang
Event: 10.945 loading class java/lang done
Event: 10.946 loading class java/lang/package
Event: 10.946 loading class java/lang/package done
Event: 10.947 loading class <root>/scala
Event: 10.947 loading class <root>/scala done
Event: 10.947 loading class scala
Event: 10.947 loading class scala done


Dynamic libraries:
0x00007ff6e9110000 - 0x00007ff6e9147000 	C:\Program Files\Java\jdk1.8.0_45\bin\java.exe
0x00007fff2d000000 - 0x00007fff2d1ac000 	C:\Windows\SYSTEM32\ntdll.dll
0x00007fff2b1f0000 - 0x00007fff2b32e000 	C:\Windows\system32\KERNEL32.DLL
0x00007fff2a380000 - 0x00007fff2a495000 	C:\Windows\system32\KERNELBASE.dll
0x00007fff28ca0000 - 0x00007fff28d2e000 	C:\Windows\system32\apphelp.dll
0x00007fff00960000 - 0x00007fff009b3000 	C:\Windows\AppPatch\AppPatch64\AcGenral.DLL
0x00007fff2ae00000 - 0x00007fff2aeaa000 	C:\Windows\system32\msvcrt.dll
0x00007fff29f30000 - 0x00007fff29f5e000 	C:\Windows\SYSTEM32\SspiCli.dll
0x00007fff2a800000 - 0x00007fff2a854000 	C:\Windows\system32\SHLWAPI.dll
0x00007fff2a680000 - 0x00007fff2a7f7000 	C:\Windows\system32\USER32.dll
0x00007fff2cc40000 - 0x00007fff2cdd4000 	C:\Windows\system32\ole32.dll
0x00007fff2b590000 - 0x00007fff2cabb000 	C:\Windows\system32\SHELL32.dll
0x00007fff296a0000 - 0x00007fff296c1000 	C:\Windows\SYSTEM32\USERENV.dll
0x00007fff2b350000 - 0x00007fff2b3fa000 	C:\Windows\system32\ADVAPI32.dll
0x00007fff20f20000 - 0x00007fff20f3e000 	C:\Windows\SYSTEM32\MPR.dll
0x00007fff2ceb0000 - 0x00007fff2cff1000 	C:\Windows\system32\RPCRT4.dll
0x00007fff2ce50000 - 0x00007fff2cea9000 	C:\Windows\SYSTEM32\sechost.dll
0x00007fff2a8c0000 - 0x00007fff2aad1000 	C:\Windows\SYSTEM32\combase.dll
0x00007fff2b400000 - 0x00007fff2b550000 	C:\Windows\system32\GDI32.dll
0x00007fff2a150000 - 0x00007fff2a165000 	C:\Windows\SYSTEM32\profapi.dll
0x00007fff28670000 - 0x00007fff28722000 	C:\Windows\SYSTEM32\SHCORE.dll
0x00007fff2b550000 - 0x00007fff2b586000 	C:\Windows\system32\IMM32.DLL
0x00007fff2cad0000 - 0x00007fff2cc21000 	C:\Windows\system32\MSCTF.dll
0x00007fff2a100000 - 0x00007fff2a131000 	C:\Windows\system32\nvinitx.dll
0x00007fff2a0f0000 - 0x00007fff2a0fa000 	C:\Windows\SYSTEM32\VERSION.dll
0x000000000f000000 - 0x000000000f006000 	C:\Program Files\NVIDIA Corporation\CoProcManager\_etoured.dll
0x00007fff280a0000 - 0x00007fff280d2000 	C:\Program Files\NVIDIA Corporation\CoProcManager\nvd3d9wrapx.dll
0x00007fff2abb0000 - 0x00007fff2ad8a000 	C:\Windows\system32\SETUPAPI.dll
0x00007fff2a220000 - 0x00007fff2a26f000 	C:\Windows\system32\CFGMGR32.dll
0x00007fff28070000 - 0x00007fff28092000 	C:\Program Files\NVIDIA Corporation\CoProcManager\nvdxgiwrapx.dll
0x00007fff281d0000 - 0x00007fff2844a000 	C:\Windows\WinSxS\amd64_microsoft.windows.common-controls_6595b64144ccf1df_6.0.9600.17810_none_6240b9c7ecbd0bda\COMCTL32.dll
0x000000005e2e0000 - 0x000000005e3b2000 	C:\Program Files\Java\jdk1.8.0_45\jre\bin\msvcr100.dll
0x000000005d890000 - 0x000000005e113000 	C:\Program Files\Java\jdk1.8.0_45\jre\bin\server\jvm.dll
0x00007fff27ea0000 - 0x00007fff27ea9000 	C:\Windows\SYSTEM32\WSOCK32.dll
0x00007fff27280000 - 0x00007fff272a2000 	C:\Windows\SYSTEM32\WINMM.dll
0x00007fff2cc30000 - 0x00007fff2cc37000 	C:\Windows\system32\PSAPI.DLL
0x00007fff2a860000 - 0x00007fff2a8ba000 	C:\Windows\system32\WS2_32.dll
0x00007fff26370000 - 0x00007fff2639a000 	C:\Windows\SYSTEM32\WINMMBASE.dll
0x00007fff2cac0000 - 0x00007fff2cac9000 	C:\Windows\system32\NSI.dll
0x00007fff28f20000 - 0x00007fff28f48000 	C:\Windows\SYSTEM32\DEVOBJ.dll
0x000000005e2d0000 - 0x000000005e2df000 	C:\Program Files\Java\jdk1.8.0_45\jre\bin\verify.dll
0x000000005e2a0000 - 0x000000005e2c9000 	C:\Program Files\Java\jdk1.8.0_45\jre\bin\java.dll
0x000000005e280000 - 0x000000005e296000 	C:\Program Files\Java\jdk1.8.0_45\jre\bin\zip.dll
0x000000005e260000 - 0x000000005e27a000 	C:\Program Files\Java\jdk1.8.0_45\jre\bin\net.dll
0x00007fff29910000 - 0x00007fff29969000 	C:\Windows\system32\mswsock.dll
0x000000005e240000 - 0x000000005e251000 	C:\Program Files\Java\jdk1.8.0_45\jre\bin\nio.dll
0x00007fff29970000 - 0x00007fff29990000 	C:\Windows\SYSTEM32\CRYPTSP.dll
0x00007fff29590000 - 0x00007fff295c6000 	C:\Windows\system32\rsaenh.dll
0x00007fff29c20000 - 0x00007fff29c46000 	C:\Windows\SYSTEM32\bcrypt.dll
0x00007fff29f60000 - 0x00007fff29fc3000 	C:\Windows\system32\bcryptprimitives.dll
0x00007fff29fd0000 - 0x00007fff29fdb000 	C:\Windows\SYSTEM32\CRYPTBASE.dll
0x00007fff23cc0000 - 0x00007fff23cea000 	C:\Windows\SYSTEM32\IPHLPAPI.DLL
0x00007fff23c90000 - 0x00007fff23c9a000 	C:\Windows\SYSTEM32\WINNSI.DLL
0x00007fff23410000 - 0x00007fff23426000 	C:\Windows\SYSTEM32\dhcpcsvc6.DLL
0x00007fff23810000 - 0x00007fff2382a000 	C:\Windows\SYSTEM32\dhcpcsvc.DLL
0x00007fff23cb0000 - 0x00007fff23cba000 	C:\Users\nojas_000\AppData\Local\Temp\jansi-64-1-385647009357032021.11
0x00007fff11310000 - 0x00007fff1149a000 	C:\Windows\SYSTEM32\dbghelp.dll

VM Arguments:
jvm_args: -Djline.terminal=jline.UnsupportedTerminal -Dsbt.log.noformat=true -Dfile.encoding=UTF-8 -Xmx768M -XX:MaxPermSize=384M 
java_command: C:/Users/nojas_000/.IntelliJIdea14/config/plugins/Scala/launcher/sbt-launch.jar
java_class_path (initial): C:/Users/nojas_000/.IntelliJIdea14/config/plugins/Scala/launcher/sbt-launch.jar
Launcher Type: SUN_STANDARD

Environment Variables:
JAVA_HOME=C:\Program Files\Java\jdk1.8.0_25
PATH=C:\ProgramData\Oracle\Java\javapath;C:\Windows\system32;C:\Windows;C:\Windows\System32\Wbem;C:\Windows\System32\WindowsPowerShell\v1.0\;C:\Program Files (x86)\Windows Kits\8.1\Windows Performance Toolkit\;C:\Program Files\Microsoft SQL Server\110\Tools\Binn\;C:\Program Files\Condusiv Technologies\ExpressCache\;C:\Program Files (x86)\Microsoft SQL Server\110\Tools\Binn\;C:\Program Files\Microsoft SQL Server\110\DTS\Binn\;C:\Program Files (x86)\Microsoft SQL Server\110\Tools\Binn\ManagementStudio\;C:\Program Files (x86)\Microsoft Visual Studio 10.0\Common7\IDE\PrivateAssemblies\;C:\Program Files (x86)\Microsoft SQL Server\110\DTS\Binn\;C:\Program Files (x86)\NVIDIA Corporation\PhysX\Common;C:\Program Files (x86)\Skype\Phone\;C:\Program Files (x86)\QuickTime\QTSystem\;C:\Program Files\Calibre2\
USERNAME=nojas_000
OS=Windows_NT
PROCESSOR_IDENTIFIER=Intel64 Family 6 Model 58 Stepping 9, GenuineIntel



---------------  S Y S T E M  ---------------

OS: Windows 8.1 , 64 bit Build 9600 (6.3.9600.17415)

CPU:total 4 (2 cores per cpu, 2 threads per core) family 6 model 58 stepping 9, cmov, cx8, fxsr, mmx, sse, sse2, sse3, ssse3, sse4.1, sse4.2, popcnt, avx, aes, clmul, erms, ht, tsc, tscinvbit, tscinv

Memory: 4k page, physical 8283408k(864600k free), swap 11429140k(6768k free)

vm_info: Java HotSpot(TM) 64-Bit Server VM (25.45-b02) for windows-amd64 JRE (1.8.0_45-b14), built on Apr 10 2015 10:34:15 by "java_re" with MS VC++ 10.0 (VS2010)

time: Tue Nov 03 20:14:38 2015
elapsed time: 11 seconds (0d 0h 0m 11s)

